<?xml version="1.0" encoding="UTF-8"?>
<!-- Generated by org.testng.reporters.JUnitReportReporter -->
<testsuite hostname="Prashant" failures="0" tests="1" name="com.cnbc.Base.base" time="4.991" errors="0" timestamp="2024-04-25T18:14:11 IST" skipped="0">
  <testcase classname="com.cnbc.Base.base" name="configureAppium" time="4.991"/>
</testsuite> <!-- com.cnbc.Base.base -->
